Arguments: 
  D:\node.exe C:\Users\Akidul\AppData\Roaming\npm\node_modules\yarn\bin\yarn.js install

PATH: 
  C:\Windows\system32;C:\Windows;C:\Windows\System32\Wbem;C:\Windows\System32\WindowsPowerShell\v1.0\;C:\Windows\System32\OpenSSH\;D:\;C:\Program Files\Git\cmd;C:\Users\Akidul\AppData\Local\Microsoft\WindowsApps;;D:\Microsoft VS Code\bin;C:\Users\Akidul\AppData\Roaming\npm

Yarn version: 
  1.22.19

Node version: 
  16.14.2

Platform: 
  win32 x64

Trace: 
  Error: getaddrinfo ENOTFOUND registry.yarnpkg.com
      at GetAddrInfoReqWrap.onlookup [as oncomplete] (node:dns:71:26)

npm manifest: 
  {
    "name": "server",
    "version": "1.0.0",
    "description": "",
    "main": "server.js",
    "scripts": {
      "start": "node server.js",
      "dev": "nodemon server.js",
      "test": "echo \"Error: no test specified\" && exit 1"
    },
    "author": "",
    "license": "ISC",
    "dependencies": {
      "bcrypt": "^5.1.0",
      "body-parser": "^1.20.1",
      "config": "^3.3.8",
      "cors": "^2.8.5",
      "dotenv": "^16.0.3",
      "express": "^4.18.2",
      "express-validator": "^6.14.2",
      "git": "^0.1.5",
      "jsonwebtoken": "^8.5.1",
      "mongoose": "^6.7.4"
    },
    "devDependencies": {
      "nodemon": "1.18.4"
    }
  }

yarn manifest: 
  No manifest

Lockfile: 
  No lockfile
